{"uid":"84266502e3e08cc9","name":"Invalid login","fullName":"Login and Navigate to Pages: Invalid login","historyId":"35890fcf46fa3dcb90b7287fed59418a","time":{"start":1742187436111,"stop":1742187441603,"duration":5492},"status":"failed","statusMessage":"AssertionError: Expected 'Invalid login' but got 'Logged In Successfully'\n","statusTrace":"  File \"C:\\Users\\Mike Redondo\\OneDrive\\Desktop\\asdasdas\\.venv\\lib\\site-packages\\behave\\model.py\", line 1329, in run\n    match.run(runner.context)\n  File \"C:\\Users\\Mike Redondo\\OneDrive\\Desktop\\asdasdas\\.venv\\lib\\site-packages\\behave\\matchers.py\", line 98, in run\n    self.func(context, *args, **kwargs)\n  File \"features\\steps\\example_steps.py\", line 33, in step_verify_login\n    assert success_message.text == message, f\"Expected '{message}' but got '{success_message.text}'\"\n","flaky":false,"newFailed":false,"newBroken":false,"newPassed":false,"retriesCount":0,"retriesStatusChange":false,"beforeStages":[],"testStage":{"status":"failed","statusMessage":"AssertionError: Expected 'Invalid login' but got 'Logged In Successfully'\n","statusTrace":"  File \"C:\\Users\\Mike Redondo\\OneDrive\\Desktop\\asdasdas\\.venv\\lib\\site-packages\\behave\\model.py\", line 1329, in run\n    match.run(runner.context)\n  File \"C:\\Users\\Mike Redondo\\OneDrive\\Desktop\\asdasdas\\.venv\\lib\\site-packages\\behave\\matchers.py\", line 98, in run\n    self.func(context, *args, **kwargs)\n  File \"features\\steps\\example_steps.py\", line 33, in step_verify_login\n    assert success_message.text == message, f\"Expected '{message}' but got '{success_message.text}'\"\n","steps":[{"name":"Given I open the browser","time":{"start":1742187436112,"stop":1742187438746,"duration":2634},"status":"passed","steps":[],"attachments":[],"parameters":[],"attachmentsCount":0,"shouldDisplayMessage":false,"attachmentStep":false,"hasContent":false,"stepsCount":0},{"name":"When I enter the username \"student\"","time":{"start":1742187438746,"stop":1742187438820,"duration":74},"status":"passed","steps":[],"attachments":[],"parameters":[],"attachmentsCount":0,"shouldDisplayMessage":false,"attachmentStep":false,"hasContent":false,"stepsCount":0},{"name":"And I enter the password \"Password123\"","time":{"start":1742187438821,"stop":1742187438894,"duration":73},"status":"passed","steps":[],"attachments":[],"parameters":[],"attachmentsCount":0,"shouldDisplayMessage":false,"attachmentStep":false,"hasContent":false,"stepsCount":0},{"name":"And I click the login button","time":{"start":1742187438894,"stop":1742187441490,"duration":2596},"status":"passed","steps":[],"attachments":[],"parameters":[],"attachmentsCount":0,"shouldDisplayMessage":false,"attachmentStep":false,"hasContent":false,"stepsCount":0},{"name":"Then I should see the success message \"Invalid login\"","time":{"start":1742187441491,"stop":1742187441603,"duration":112},"status":"failed","statusMessage":"AssertionError: Expected 'Invalid login' but got 'Logged In Successfully'\n","statusTrace":"  File \"C:\\Users\\Mike Redondo\\OneDrive\\Desktop\\asdasdas\\.venv\\lib\\site-packages\\behave\\model.py\", line 1329, in run\n    match.run(runner.context)\n  File \"C:\\Users\\Mike Redondo\\OneDrive\\Desktop\\asdasdas\\.venv\\lib\\site-packages\\behave\\matchers.py\", line 98, in run\n    self.func(context, *args, **kwargs)\n  File \"features\\steps\\example_steps.py\", line 33, in step_verify_login\n    assert success_message.text == message, f\"Expected '{message}' but got '{success_message.text}'\"\n","steps":[],"attachments":[],"parameters":[],"attachmentsCount":0,"shouldDisplayMessage":true,"attachmentStep":false,"hasContent":true,"stepsCount":0}],"attachments":[],"parameters":[],"attachmentsCount":0,"shouldDisplayMessage":false,"attachmentStep":false,"hasContent":true,"stepsCount":5},"afterStages":[],"labels":[{"name":"severity","value":"normal"},{"name":"feature","value":"Login and Navigate to Pages"},{"name":"framework","value":"behave"},{"name":"language","value":"cpython3"},{"name":"resultFormat","value":"allure2"}],"parameters":[],"links":[],"hidden":false,"retry":false,"extra":{"severity":"normal","retries":[],"categories":[{"name":"Product defects","matchedStatuses":[]}],"tags":[]},"source":"84266502e3e08cc9.json","parameterValues":[]}